<?xml version="1.0" encoding="UTF-8"?>
<!-- Generated by org.testng.reporters.JUnitReportReporter -->
<testsuite hostname="LAPTOP-PBOBTUM6" failures="0" tests="1" name="APITest.Headers" time="6.445" errors="0" timestamp="2024-10-25T21:36:24 IST" skipped="0">
  <testcase classname="APITest.Headers" name="GetALLHeadersfromResponse" time="6.445"/>
  <system-out/>
</testsuite> <!-- APITest.Headers -->
