<?xml version="1.0" encoding="UTF-8"?>
<!-- Generated by org.testng.reporters.JUnitReportReporter -->
<testsuite hostname="LAPTOP-PBOBTUM6" failures="0" tests="1" name="HttpMethods.PostRequest" time="6.200" errors="0" timestamp="2024-10-25T20:33:35 IST" skipped="0">
  <testcase classname="HttpMethods.PostRequest" name="post_Pojo" time="6.200"/>
  <system-out/>
</testsuite> <!-- HttpMethods.PostRequest -->
