<?xml version="1.0" encoding="UTF-8"?>
<!-- Generated by org.testng.reporters.JUnitReportReporter -->
<testsuite hostname="LAPTOP-PBOBTUM6" failures="0" tests="1" name="HttpMethods.QueryParameter" time="4.248" errors="0" timestamp="2024-10-25T21:01:49 IST" skipped="0">
  <testcase classname="HttpMethods.QueryParameter" name="queryPathParameter" time="4.248"/>
  <system-out/>
</testsuite> <!-- HttpMethods.QueryParameter -->
