<?xml version="1.0" encoding="UTF-8"?>
<!-- Generated by org.testng.reporters.JUnitReportReporter -->
<testsuite hostname="LAPTOP-PBOBTUM6" failures="0" tests="1" name="HttpMethods.SingleUser_GetRequest_OlderWay" time="4.581" errors="0" timestamp="2024-10-23T22:19:42 IST" skipped="0">
  <testcase classname="HttpMethods.SingleUser_GetRequest_OlderWay" name="singleUser_Getrequest" time="4.581"/>
  <system-out/>
</testsuite> <!-- HttpMethods.SingleUser_GetRequest_OlderWay -->
