<?xml version="1.0" encoding="UTF-8"?>
<!-- Generated by org.testng.reporters.JUnitReportReporter -->
<testsuite hostname="LAPTOP-PBOBTUM6" failures="0" tests="1" name="APITest.Authentications" time="5.348" errors="0" timestamp="2024-10-25T22:27:45 IST" skipped="0">
  <testcase classname="APITest.Authentications" name="BrearerAuthentication" time="5.348"/>
  <system-out/>
</testsuite> <!-- APITest.Authentications -->
