<?xml version="1.0" encoding="UTF-8"?>
<!-- Generated by org.testng.reporters.JUnitReportReporter -->
<testsuite hostname="LAPTOP-PBOBTUM6" failures="0" tests="2" name="APITest.Serailization_deSerailization" time="1.362" errors="0" timestamp="2024-10-25T21:54:19 IST" skipped="0">
  <testcase classname="APITest.Serailization_deSerailization" name="serailization" time="1.228"/>
  <system-out/>
  <testcase classname="APITest.Serailization_deSerailization" name="De_serailization" time="0.134"/>
  <system-out/>
</testsuite> <!-- APITest.Serailization_deSerailization -->
