<?xml version="1.0" encoding="UTF-8"?>
<!-- Generated by org.testng.reporters.JUnitReportReporter -->
<testsuite hostname="LAPTOP-PBOBTUM6" failures="0" tests="1" name="HttpMethods.GetRequest_Latest" time="5.040" errors="0" timestamp="2024-10-23T22:40:27 IST" skipped="0">
  <testcase classname="HttpMethods.GetRequest_Latest" name="singleUserRequest" time="5.040"/>
  <system-out/>
</testsuite> <!-- HttpMethods.GetRequest_Latest -->
