<?xml version="1.0" encoding="UTF-8"?>
<!-- Generated by org.testng.reporters.JUnitReportReporter -->
<testsuite hostname="LAPTOP-PBOBTUM6" failures="0" tests="2" name="APITest.CookiesTest" time="5.315" errors="0" timestamp="2024-10-25T21:23:04 IST" skipped="0">
  <testcase classname="APITest.CookiesTest" name="getSingleCookies" time="0.473"/>
  <system-out/>
  <testcase classname="APITest.CookiesTest" name="getAllcookies" time="4.842"/>
  <system-out/>
</testsuite> <!-- APITest.CookiesTest -->
